#
# There is insufficient memory for the Java Runtime Environment to continue.
# Native memory allocation (mmap) failed to map 134217728 bytes. Error detail: G1 virtual space
# Possible reasons:
#   The system is out of physical RAM or swap space
#   This process is running with CompressedOops enabled, and the Java Heap may be blocking the growth of the native heap
# Possible solutions:
#   Reduce memory load on the system
#   Increase physical memory or swap space
#   Check if swap backing store is full
#   Decrease Java heap size (-Xmx/-Xms)
#   Decrease number of Java threads
#   Decrease Java thread stack sizes (-Xss)
#   Set larger code cache with -XX:ReservedCodeCacheSize=
#   JVM is running with Unscaled Compressed Oops mode in which the Java heap is
#     placed in the first 4GB address space. The Java Heap base address is the
#     maximum limit for the native heap growth. Please use -XX:HeapBaseMinAddress
#     to set the Java Heap base and to place the Java Heap above 4GB virtual address.
# This output file may be truncated or incomplete.
#
#  Out of Memory Error (os_windows.cpp:3710), pid=3388, tid=5004
#
# JRE version:  (17.0.14+7) (build )
# Java VM: OpenJDK 64-Bit Server VM (17.0.14+7-LTS, mixed mode, sharing, tiered, compressed oops, compressed class ptrs, g1 gc, windows-amd64)
# No core dump will be written. Minidumps are not enabled by default on client versions of Windows
#

---------------  S U M M A R Y ------------

Command Line: com.google.prefab.cli.AppKt --build-system cmake --platform android --abi arm64-v8a --os-version 24 --stl c++_shared --ndk-version 27 --output C:\\Users\\HP\\AppData\\Local\\Temp\\agp-prefab-staging13747822492973621570\\staged-cli-output C:\\Users\\HP\\.gradle\\caches\\8.14.3\\transforms\\5e3de19cdc6bd36e24739a92b8cabbb2\\transformed\\react-android-0.81.4-debug\\prefab C:\\Users\\HP\\.gradle\\caches\\8.14.3\\transforms\\aae44064e5ebb5af022ad83ed0ca6e0a\\transformed\\hermes-android-0.81.4-debug\\prefab C:\\Users\\HP\\.gradle\\caches\\8.14.3\\transforms\\48f32c88ab848eeaa4d6425b771aa34b\\transformed\\fbjni-0.7.0\\prefab

Host: Intel(R) Core(TM) i5-6300U CPU @ 2.40GHz, 4 cores, 7G,  Windows 10 , 64 bit Build 19041 (10.0.19041.5915)
Time: Tue Oct  7 10:23:13 2025 Pacific Summer Time elapsed time: 0.079492 seconds (0d 0h 0m 0s)

---------------  T H R E A D  ---------------

Current thread (0x000001adba8b3350):  JavaThread "Unknown thread" [_thread_in_vm, id=5004, stack(0x0000002428d00000,0x0000002428e00000)]

Stack: [0x0000002428d00000,0x0000002428e00000]
Native frames: (J=compiled Java code, j=interpreted, Vv=VM code, C=native code)
V  [jvm.dll+0x6886b9]
V  [jvm.dll+0x83f6f8]
V  [jvm.dll+0x8411a3]
V  [jvm.dll+0x841813]
V  [jvm.dll+0x2495cf]
V  [jvm.dll+0x6855f9]
V  [jvm.dll+0x679a8a]
V  [jvm.dll+0x30afc7]
V  [jvm.dll+0x312536]
V  [jvm.dll+0x362eee]
V  [jvm.dll+0x36312d]
V  [jvm.dll+0x2e225c]
V  [jvm.dll+0x2e3174]
V  [jvm.dll+0x8115fb]
V  [jvm.dll+0x370c01]
V  [jvm.dll+0x7f00ef]
V  [jvm.dll+0x3f76ff]
V  [jvm.dll+0x3f9231]
C  [jli.dll+0x52a0]
C  [ucrtbase.dll+0x21bb2]
C  [KERNEL32.DLL+0x17374]
C  [ntdll.dll+0x4cc91]


---------------  P R O C E S S  ---------------

Threads class SMR info:
_java_thread_list=0x00007ff91e30efd8, length=0, elements={
}

Java Threads: ( => current thread )

Other Threads:
  0x000001adba90a1f0 GCTaskThread "GC Thread#0" [stack: 0x0000002428e00000,0x0000002428f00000] [id=3460]
  0x000001adba91ac90 ConcurrentGCThread "G1 Main Marker" [stack: 0x0000002428f00000,0x0000002429000000] [id=16720]
  0x000001adba91b5c0 ConcurrentGCThread "G1 Conc#0" [stack: 0x0000002429000000,0x0000002429100000] [id=3716]

[error occurred during error reporting (printing all threads), id 0xc0000005, EXCEPTION_ACCESS_VIOLATION (0xc0000005) at pc=0x00007ff91dac2db7]

VM state: not at safepoint (not fully initialized)

VM Mutex/Monitor currently owned by a thread:  ([mutex/lock_event])
[0x000001adba8aceb0] Heap_lock - owner thread: 0x000001adba8b3350

Heap address: 0x0000000081e00000, size: 2018 MB, Compressed Oops mode: 32-bit

CDS archive(s) mapped at: [0x0000000000000000-0x0000000000000000-0x0000000000000000), size 0, SharedBaseAddress: 0x0000000800000000, ArchiveRelocationMode: 1.
Narrow klass base: 0x0000000000000000, Narrow klass shift: 0, Narrow klass range: 0x0

GC Precious Log:
<Empty>

Heap:
 garbage-first heap   total 0K, used 0K [0x0000000081e00000, 0x0000000100000000)
  region size 1024K, 0 young (0K), 0 survivors (0K)

[error occurred during error reporting (printing heap information), id 0xc0000005, EXCEPTION_ACCESS_VIOLATION (0xc0000005) at pc=0x00007ff91deb22e9]

GC Heap History (0 events):
No events

Dll operation events (1 events):
Event: 0.022 Loaded shared library C:\Program Files\Microsoft\jdk-17.0.14.7-hotspot\bin\java.dll

Deoptimization events (0 events):
No events

Classes loaded (0 events):
No events

Classes unloaded (0 events):
No events

Classes redefined (0 events):
No events

Internal exceptions (0 events):
No events

VM Operations (0 events):
No events

Memory protections (0 events):
No events

Nmethod flushes (0 events):
No events

Events (0 events):
No events


Dynamic libraries:
0x00007ff709c40000 - 0x00007ff709c4e000 	C:\Program Files\Microsoft\jdk-17.0.14.7-hotspot\bin\java.exe
0x00007ff982a90000 - 0x00007ff982c88000 	C:\Windows\SYSTEM32\ntdll.dll
0x00007ff981740000 - 0x00007ff981802000 	C:\Windows\System32\KERNEL32.DLL
0x00007ff980240000 - 0x00007ff980536000 	C:\Windows\System32\KERNELBASE.dll
0x00007ff9807c0000 - 0x00007ff9808c0000 	C:\Windows\System32\ucrtbase.dll
0x00007ff9797e0000 - 0x00007ff9797fd000 	C:\Program Files\Microsoft\jdk-17.0.14.7-hotspot\bin\VCRUNTIME140.dll
0x00007ff9797b0000 - 0x00007ff9797c7000 	C:\Program Files\Microsoft\jdk-17.0.14.7-hotspot\bin\jli.dll
0x00007ff981360000 - 0x00007ff9814fd000 	C:\Windows\System32\USER32.dll
0x00007ff96a180000 - 0x00007ff96a41b000 	C:\Windows\WinSxS\amd64_microsoft.windows.common-controls_6595b64144ccf1df_6.0.19041.6280_none_60bc30a171f2f3f3\COMCTL32.dll
0x00007ff980a90000 - 0x00007ff980ab2000 	C:\Windows\System32\win32u.dll
0x00007ff980e60000 - 0x00007ff980efe000 	C:\Windows\System32\msvcrt.dll
0x00007ff982350000 - 0x00007ff98237b000 	C:\Windows\System32\GDI32.dll
0x00007ff9808c0000 - 0x00007ff9809d9000 	C:\Windows\System32\gdi32full.dll
0x00007ff9806a0000 - 0x00007ff98073d000 	C:\Windows\System32\msvcp_win.dll
0x00007ff980f00000 - 0x00007ff980f2f000 	C:\Windows\System32\IMM32.DLL
0x00007ff979d70000 - 0x00007ff979d7c000 	C:\Program Files\Microsoft\jdk-17.0.14.7-hotspot\bin\vcruntime140_1.dll
0x00007ff955c50000 - 0x00007ff955cdd000 	C:\Program Files\Microsoft\jdk-17.0.14.7-hotspot\bin\msvcp140.dll
0x00007ff91d7d0000 - 0x00007ff91e442000 	C:\Program Files\Microsoft\jdk-17.0.14.7-hotspot\bin\server\jvm.dll
0x00007ff981610000 - 0x00007ff9816c1000 	C:\Windows\System32\ADVAPI32.dll
0x00007ff980f30000 - 0x00007ff980fcf000 	C:\Windows\System32\sechost.dll
0x00007ff982850000 - 0x00007ff982970000 	C:\Windows\System32\RPCRT4.dll
0x00007ff980130000 - 0x00007ff980157000 	C:\Windows\System32\bcrypt.dll
0x00007ff981580000 - 0x00007ff9815eb000 	C:\Windows\System32\WS2_32.dll
0x00007ff97ff90000 - 0x00007ff97ffdb000 	C:\Windows\SYSTEM32\POWRPROF.dll
0x00007ff974fd0000 - 0x00007ff974ff7000 	C:\Windows\SYSTEM32\WINMM.dll
0x00007ff9780f0000 - 0x00007ff9780fa000 	C:\Windows\SYSTEM32\VERSION.dll
0x00007ff97ff70000 - 0x00007ff97ff82000 	C:\Windows\SYSTEM32\UMPDC.dll
0x00007ff97e960000 - 0x00007ff97e972000 	C:\Windows\SYSTEM32\kernel.appcore.dll
0x00007ff977260000 - 0x00007ff97726a000 	C:\Program Files\Microsoft\jdk-17.0.14.7-hotspot\bin\jimage.dll
0x00007ff97e6d0000 - 0x00007ff97e8d1000 	C:\Windows\SYSTEM32\DBGHELP.DLL
0x00007ff95dc40000 - 0x00007ff95dc74000 	C:\Windows\SYSTEM32\dbgcore.DLL
0x00007ff980160000 - 0x00007ff9801e2000 	C:\Windows\System32\bcryptPrimitives.dll
0x00007ff9563b0000 - 0x00007ff9563d5000 	C:\Program Files\Microsoft\jdk-17.0.14.7-hotspot\bin\java.dll

dbghelp: loaded successfully - version: 4.0.5 - missing functions: none
symbol engine: initialized successfully - sym options: 0x614 - pdb path: .;C:\Program Files\Microsoft\jdk-17.0.14.7-hotspot\bin;C:\Windows\SYSTEM32;C:\Windows\WinSxS\amd64_microsoft.windows.common-controls_6595b64144ccf1df_6.0.19041.6280_none_60bc30a171f2f3f3;C:\Program Files\Microsoft\jdk-17.0.14.7-hotspot\bin\server

VM Arguments:
java_command: com.google.prefab.cli.AppKt --build-system cmake --platform android --abi arm64-v8a --os-version 24 --stl c++_shared --ndk-version 27 --output C:\\Users\\HP\\AppData\\Local\\Temp\\agp-prefab-staging13747822492973621570\\staged-cli-output C:\\Users\\HP\\.gradle\\caches\\8.14.3\\transforms\\5e3de19cdc6bd36e24739a92b8cabbb2\\transformed\\react-android-0.81.4-debug\\prefab C:\\Users\\HP\\.gradle\\caches\\8.14.3\\transforms\\aae44064e5ebb5af022ad83ed0ca6e0a\\transformed\\hermes-android-0.81.4-debug\\prefab C:\\Users\\HP\\.gradle\\caches\\8.14.3\\transforms\\48f32c88ab848eeaa4d6425b771aa34b\\transformed\\fbjni-0.7.0\\prefab
java_class_path (initial): C:\\Users\\HP\\.gradle\\caches\\modules-2\\files-2.1\\com.google.prefab\\cli\\2.1.0\\aa32fec809c44fa531f01dcfb739b5b3304d3050\\cli-2.1.0-all.jar
Launcher Type: SUN_STANDARD

[Global flags]
     intx CICompilerCount                          = 3                                         {product} {ergonomic}
     uint ConcGCThreads                            = 1                                         {product} {ergonomic}
     uint G1ConcRefinementThreads                  = 4                                         {product} {ergonomic}
   size_t G1HeapRegionSize                         = 1048576                                   {product} {ergonomic}
    uintx GCDrainStackTargetSize                   = 64                                        {product} {ergonomic}
   size_t InitialHeapSize                          = 134217728                                 {product} {ergonomic}
   size_t MarkStackSize                            = 4194304                                   {product} {ergonomic}
   size_t MaxHeapSize                              = 2116026368                                {product} {ergonomic}
   size_t MinHeapDeltaBytes                        = 1048576                                   {product} {ergonomic}
   size_t MinHeapSize                              = 8388608                                   {product} {ergonomic}
    uintx NonNMethodCodeHeapSize                   = 5832780                                {pd product} {ergonomic}
    uintx NonProfiledCodeHeapSize                  = 122912730                              {pd product} {ergonomic}
    uintx ProfiledCodeHeapSize                     = 122912730                              {pd product} {ergonomic}
    uintx ReservedCodeCacheSize                    = 251658240                              {pd product} {ergonomic}
     bool SegmentedCodeCache                       = true                                      {product} {ergonomic}
   size_t SoftMaxHeapSize                          = 2116026368                             {manageable} {ergonomic}
     bool UseCompressedClassPointers               = true                           {product lp64_product} {ergonomic}
     bool UseCompressedOops                        = true                           {product lp64_product} {ergonomic}
     bool UseG1GC                                  = true                                      {product} {ergonomic}
     bool UseLargePagesIndividualAllocation        = false                                  {pd product} {ergonomic}

Logging:
Log output configuration:
 #0: stdout all=warning uptime,level,tags
 #1: stderr all=off uptime,level,tags

Environment Variables:
JAVA_HOME=C:\Program Files\Microsoft\jdk-17.0.14.7-hotspot\
PATH=D:\reactnative\Wedding\node_modules\.bin;D:\reactnative\Wedding\node_modules\.bin;D:\reactnative\node_modules\.bin;D:\node_modules\.bin;C:\Users\HP\AppData\Roaming\npm\node_modules\npm\node_modules\@npmcli\run-script\lib\node-gyp-bin;C:\Program Files\Microsoft\jdk-17.0.14.7-hotspot\bin;C:\Windows\system32;C:\Windows;C:\Windows\System32\Wbem;C:\Windows\System32\WindowsPowerShell\v1.0\;C:\Windows\System32\OpenSSH\;C:\ProgramData\chocolatey\bin;C:\Program Files\nodejs\;C:\Users\HP\AppData\Local\Android\Sdk\platform-tools;C:\Program Files\Git\cmd;C:\Users\HP\Gradle\gradle-8.14.1\bin;C:\Users\HP\AppData\Local\Microsoft\WindowsApps;C:\Users\HP\AppData\Roaming\npm;C:\Users\HP\AppData\Local\Android\Sdk\platform-tools;C:\Users\HP\AppData\Local\GitHubDesktop\bin;C:\Users\HP\AppData\Local\Programs\Microsoft VS Code\bin
USERNAME=HP
OS=Windows_NT
PROCESSOR_IDENTIFIER=Intel64 Family 6 Model 78 Stepping 3, GenuineIntel
TMP=C:\Users\HP\AppData\Local\Temp
TEMP=C:\Users\HP\AppData\Local\Temp



Periodic native trim disabled


---------------  S Y S T E M  ---------------

OS:
 Windows 10 , 64 bit Build 19041 (10.0.19041.5915)
OS uptime: 0 days 11:53 hours
Hyper-V role detected

CPU: total 4 (initial active 4) (2 cores per cpu, 2 threads per core) family 6 model 78 stepping 3 microcode 0xf0, cx8, cmov, fxsr, ht, mmx, 3dnowpref, sse, sse2, sse3, ssse3, sse4.1, sse4.2, popcnt, lzcnt, tsc, tscinvbit, avx, avx2, aes, erms, clmul, bmi1, bmi2, rtm, adx, fma, vzeroupper, clflush, clflushopt, hv
Processor Information for the first 4 processors :
  Max Mhz: 2496, Current Mhz: 2396, Mhz Limit: 2396

Memory: 4k page, system-wide physical 8071M (321M free)
TotalPageFile size 19841M (AvailPageFile size 66M)
current process WorkingSet (physical memory assigned to process): 10M, peak: 10M
current process commit charge ("private bytes"): 52M, peak: 179M

vm_info: OpenJDK 64-Bit Server VM (17.0.14+7-LTS) for windows-amd64 JRE (17.0.14+7-LTS), built on Jan  8 2025 23:39:28 by "MicrosoftCorporation" with unknown MS VC++:1939

END.
